
> sin-japan-poker@1.0.0 build
> next build

  ▲ Next.js 14.2.33

   Creating an optimized production build ...
 ⚠ Compiled with warnings

./components/PokerTable.tsx
Attempted import error: 'FaPokerChip' is not exported from '__barrel_optimize__?names=FaPokerChip!=!react-icons/fa' (imported as 'FaPokerChip').

Import trace for requested module:
./components/PokerTable.tsx
./app/game/[id]/page.tsx

./components/PokerTable.tsx
Attempted import error: 'FaPokerChip' is not exported from '__barrel_optimize__?names=FaPokerChip!=!react-icons/fa' (imported as 'FaPokerChip').

Import trace for requested module:
./components/PokerTable.tsx
./app/game/[id]/page.tsx

./pages/api/admin/rake-config.ts
Attempted import error: 'rakeCalculator' is not exported from '@/lib/rake-system' (imported as 'rakeCalculator').

Import trace for requested module:
./pages/api/admin/rake-config.ts

./pages/api/admin/rake-config.ts
Attempted import error: 'rakeCalculator' is not exported from '@/lib/rake-system' (imported as 'rakeCalculator').

Import trace for requested module:
./pages/api/admin/rake-config.ts

./pages/api/admin/rake-config.ts
Attempted import error: 'rakeCalculator' is not exported from '@/lib/rake-system' (imported as 'rakeCalculator').

Import trace for requested module:
./pages/api/admin/rake-config.ts

 ⚠ Compiled with warnings

./components/PokerTable.tsx
Attempted import error: 'FaPokerChip' is not exported from '__barrel_optimize__?names=FaPokerChip!=!react-icons/fa' (imported as 'FaPokerChip').

Import trace for requested module:
./components/PokerTable.tsx
./app/game/[id]/page.tsx

./components/PokerTable.tsx
Attempted import error: 'FaPokerChip' is not exported from '__barrel_optimize__?names=FaPokerChip!=!react-icons/fa' (imported as 'FaPokerChip').

Import trace for requested module:
./components/PokerTable.tsx
./app/game/[id]/page.tsx

 ✓ Compiled successfully
   Linting and checking validity of types ...
Failed to compile.

./app/clubs/[id]/page.tsx:11:18
Type error: 'params' is possibly 'null'.

[0m [90m  9 |[39m [36mfunction[39m [33mClubDetailContent[39m() {[0m
[0m [90m 10 |[39m   [36mconst[39m params [33m=[39m useParams()[33m;[39m[0m
[0m[31m[1m>[22m[39m[90m 11 |[39m   [36mconst[39m clubId [33m=[39m params[33m.[39mid[33m;[39m[0m
[0m [90m    |[39m                  [31m[1m^[22m[39m[0m
[0m [90m 12 |[39m   [36mconst[39m [club[33m,[39m setClub] [33m=[39m useState[33m<[39m[33many[39m[33m>[39m([36mnull[39m)[33m;[39m[0m
[0m [90m 13 |[39m   [36mconst[39m [loading[33m,[39m setLoading] [33m=[39m useState([36mtrue[39m)[33m;[39m[0m
[0m [90m 14 |[39m[0m
Next.js build worker exited with code: 1 and signal: null
